2023-06-24T01:32:25+00:00 DEBUG 
====Stripe Version: 7.4.1====
====Start Log====
account
====End Log====


2023-06-24T03:37:24+00:00 DEBUG 
====Stripe Version: 7.4.1====
====Start Log====
account
====End Log====


2023-06-24T05:49:01+00:00 DEBUG 
====Stripe Version: 7.4.1====
====Start Log====
account
====End Log====


2023-06-24T08:39:10+00:00 DEBUG 
====Stripe Version: 7.4.1====
====Start Log====
account
====End Log====


2023-06-24T11:47:58+00:00 DEBUG 
====Stripe Version: 7.4.1====
====Start Log====
account
====End Log====


2023-06-24T14:26:18+00:00 DEBUG 
====Stripe Version: 7.4.1====
====Start Log====
account
====End Log====


2023-06-24T16:33:06+00:00 DEBUG 
====Stripe Version: 7.4.1====
====Start Log====
account
====End Log====


2023-06-24T19:50:12+00:00 DEBUG 
====Stripe Version: 7.4.1====
====Start Log====
account
====End Log====


2023-06-24T21:51:04+00:00 DEBUG 
====Stripe Version: 7.4.1====
====Start Log====
account
====End Log====


2023-06-24T23:54:01+00:00 DEBUG 
====Stripe Version: 7.4.1====
====Start Log====
account
====End Log====


