2023-07-17T00:41:38+00:00 DEBUG 
====Stripe Version: 7.4.1====
====Start Log====
account
====End Log====


2023-07-17T02:42:38+00:00 DEBUG 
====Stripe Version: 7.4.1====
====Start Log====
account
====End Log====


2023-07-17T04:42:58+00:00 DEBUG 
====Stripe Version: 7.4.1====
====Start Log====
account
====End Log====


2023-07-17T06:44:06+00:00 DEBUG 
====Stripe Version: 7.4.1====
====Start Log====
account
====End Log====


2023-07-17T09:23:39+00:00 DEBUG 
====Stripe Version: 7.4.1====
====Start Log====
account
====End Log====


2023-07-17T11:24:15+00:00 DEBUG 
====Stripe Version: 7.4.1====
====Start Log====
account
====End Log====


2023-07-17T13:51:41+00:00 DEBUG 
====Stripe Version: 7.4.1====
====Start Log====
account
====End Log====


2023-07-17T17:30:07+00:00 DEBUG 
====Stripe Version: 7.4.1====
====Start Log====
account
====End Log====


2023-07-17T23:58:34+00:00 DEBUG 
====Stripe Version: 7.4.1====
====Start Log====
account
====End Log====


