2023-07-11T00:03:55+00:00 DEBUG 
====Stripe Version: 7.4.1====
====Start Log====
account
====End Log====


2023-07-11T02:53:42+00:00 DEBUG 
====Stripe Version: 7.4.1====
====Start Log====
account
====End Log====


2023-07-11T05:47:23+00:00 DEBUG 
====Stripe Version: 7.4.1====
====Start Log====
account
====End Log====


2023-07-11T07:54:33+00:00 DEBUG 
====Stripe Version: 7.4.1====
====Start Log====
account
====End Log====


2023-07-11T10:35:03+00:00 DEBUG 
====Stripe Version: 7.4.1====
====Start Log====
account
====End Log====


2023-07-11T13:14:12+00:00 DEBUG 
====Stripe Version: 7.4.1====
====Start Log====
account
====End Log====


2023-07-11T16:37:48+00:00 DEBUG 
====Stripe Version: 7.4.1====
====Start Log====
account
====End Log====


2023-07-11T19:44:55+00:00 DEBUG 
====Stripe Version: 7.4.1====
====Start Log====
account
====End Log====


2023-07-11T22:32:18+00:00 DEBUG 
====Stripe Version: 7.4.1====
====Start Log====
account
====End Log====


