2023-06-28T01:32:44+00:00 DEBUG 
====Stripe Version: 7.4.1====
====Start Log====
account
====End Log====


2023-06-28T03:33:03+00:00 DEBUG 
====Stripe Version: 7.4.1====
====Start Log====
account
====End Log====


2023-06-28T06:04:34+00:00 DEBUG 
====Stripe Version: 7.4.1====
====Start Log====
account
====End Log====


2023-06-28T08:06:05+00:00 DEBUG 
====Stripe Version: 7.4.1====
====Start Log====
account
====End Log====


2023-06-28T09:10:28+00:00 DEBUG 
====Stripe Version: 7.4.1====
====Start Log====
payment_intents request: Array
(
    [amount] => 2500
    [currency] => cad
    [payment_method_types] => Array
        (
            [0] => card
        )

    [capture_method] => manual
)

====End Log====


2023-06-28T11:50:07+00:00 DEBUG 
====Stripe Version: 7.4.1====
====Start Log====
account
====End Log====


2023-06-28T13:50:51+00:00 DEBUG 
====Stripe Version: 7.4.1====
====Start Log====
account
====End Log====


2023-06-28T15:52:00+00:00 DEBUG 
====Stripe Version: 7.4.1====
====Start Log====
account
====End Log====


2023-06-28T17:56:34+00:00 DEBUG 
====Stripe Version: 7.4.1====
====Start Log====
account
====End Log====


2023-06-28T20:22:21+00:00 DEBUG 
====Stripe Version: 7.4.1====
====Start Log====
account
====End Log====


2023-06-28T23:01:27+00:00 DEBUG 
====Stripe Version: 7.4.1====
====Start Log====
account
====End Log====


