2023-07-15T00:19:41+00:00 DEBUG 
====Stripe Version: 7.4.1====
====Start Log====
account
====End Log====


2023-07-15T02:20:40+00:00 DEBUG 
====Stripe Version: 7.4.1====
====Start Log====
account
====End Log====


2023-07-15T04:21:41+00:00 DEBUG 
====Stripe Version: 7.4.1====
====Start Log====
account
====End Log====


2023-07-15T06:22:40+00:00 DEBUG 
====Stripe Version: 7.4.1====
====Start Log====
account
====End Log====


2023-07-15T08:23:28+00:00 DEBUG 
====Stripe Version: 7.4.1====
====Start Log====
account
====End Log====


2023-07-15T10:23:34+00:00 DEBUG 
====Stripe Version: 7.4.1====
====Start Log====
account
====End Log====


2023-07-15T12:23:40+00:00 DEBUG 
====Stripe Version: 7.4.1====
====Start Log====
account
====End Log====


2023-07-15T14:24:40+00:00 DEBUG 
====Stripe Version: 7.4.1====
====Start Log====
account
====End Log====


2023-07-15T16:25:39+00:00 DEBUG 
====Stripe Version: 7.4.1====
====Start Log====
account
====End Log====


2023-07-15T18:26:38+00:00 DEBUG 
====Stripe Version: 7.4.1====
====Start Log====
account
====End Log====


2023-07-15T20:27:39+00:00 DEBUG 
====Stripe Version: 7.4.1====
====Start Log====
account
====End Log====


2023-07-15T22:28:39+00:00 DEBUG 
====Stripe Version: 7.4.1====
====Start Log====
account
====End Log====


