2023-07-18T02:06:15+00:00 DEBUG 
====Stripe Version: 7.4.1====
====Start Log====
account
====End Log====


2023-07-18T04:16:51+00:00 DEBUG 
====Stripe Version: 7.4.1====
====Start Log====
account
====End Log====


2023-07-18T07:31:02+00:00 DEBUG 
====Stripe Version: 7.4.1====
====Start Log====
account
====End Log====


2023-07-18T09:41:14+00:00 DEBUG 
====Stripe Version: 7.4.1====
====Start Log====
account
====End Log====


2023-07-18T12:05:25+00:00 DEBUG 
====Stripe Version: 7.4.1====
====Start Log====
account
====End Log====


2023-07-18T15:22:41+00:00 DEBUG 
====Stripe Version: 7.4.1====
====Start Log====
account
====End Log====


2023-07-18T17:49:38+00:00 DEBUG 
====Stripe Version: 7.4.1====
====Start Log====
account
====End Log====


2023-07-18T20:05:50+00:00 DEBUG 
====Stripe Version: 7.4.1====
====Start Log====
account
====End Log====


2023-07-18T22:07:36+00:00 DEBUG 
====Stripe Version: 7.4.1====
====Start Log====
account
====End Log====


