2023-07-04T02:15:39+00:00 DEBUG 
====Stripe Version: 7.4.1====
====Start Log====
account
====End Log====


2023-07-04T04:16:45+00:00 DEBUG 
====Stripe Version: 7.4.1====
====Start Log====
account
====End Log====


2023-07-04T05:05:09+00:00 DEBUG 
====Stripe Version: 7.4.1====
====Start Log====
payment_methods request: Array
(
    [customer] => cus_NrtYSLSBNnyjtm
    [type] => card
    [limit] => 100
)

====End Log====


2023-07-04T05:05:10+00:00 DEBUG 
====Stripe Version: 7.4.1====
====Start Log====
payment_methods request: Array
(
    [customer] => cus_NrtYSLSBNnyjtm
    [type] => link
    [limit] => 100
)

====End Log====


2023-07-04T05:05:18+00:00 DEBUG 
====Stripe Version: 7.4.1====
====Start Log====
payment_intents request: Array
(
    [amount] => 1500
    [currency] => cad
    [payment_method_types] => Array
        (
            [0] => card
        )

    [capture_method] => manual
)

====End Log====


2023-07-04T05:05:58+00:00 DEBUG 
====Stripe Version: 7.4.1====
====Start Log====
payment_intents request: Array
(
    [amount] => 1500
    [currency] => cad
    [payment_method_types] => Array
        (
            [0] => card
        )

    [capture_method] => manual
)

====End Log====


2023-07-04T05:11:17+00:00 DEBUG 
====Stripe Version: 7.4.1====
====Start Log====
payment_intents request: Array
(
    [amount] => 1500
    [currency] => cad
    [payment_method_types] => Array
        (
            [0] => card
        )

    [capture_method] => manual
)

====End Log====


2023-07-04T05:13:47+00:00 DEBUG 
====Stripe Version: 7.4.1====
====Start Log====
payment_intents request: Array
(
    [amount] => 1500
    [currency] => cad
    [payment_method_types] => Array
        (
            [0] => card
        )

    [capture_method] => manual
)

====End Log====


2023-07-04T05:14:10+00:00 DEBUG 
====Stripe Version: 7.4.1====
====Start Log====
payment_intents request: Array
(
    [amount] => 1500
    [currency] => cad
    [payment_method_types] => Array
        (
            [0] => card
        )

    [capture_method] => manual
)

====End Log====


2023-07-04T05:16:19+00:00 DEBUG 
====Stripe Version: 7.4.1====
====Start Log====
payment_intents request: Array
(
    [amount] => 1500
    [currency] => cad
    [payment_method_types] => Array
        (
            [0] => card
        )

    [capture_method] => manual
)

====End Log====


2023-07-04T05:20:13+00:00 DEBUG 
====Stripe Version: 7.4.1====
====Start Log====
payment_intents request: Array
(
    [amount] => 1500
    [currency] => cad
    [payment_method_types] => Array
        (
            [0] => card
        )

    [capture_method] => manual
)

====End Log====


2023-07-04T07:36:10+00:00 DEBUG 
====Stripe Version: 7.4.1====
====Start Log====
account
====End Log====


2023-07-04T09:40:18+00:00 DEBUG 
====Stripe Version: 7.4.1====
====Start Log====
account
====End Log====


2023-07-04T11:48:34+00:00 DEBUG 
====Stripe Version: 7.4.1====
====Start Log====
account
====End Log====


2023-07-04T14:09:15+00:00 DEBUG 
====Stripe Version: 7.4.1====
====Start Log====
account
====End Log====


2023-07-04T16:13:20+00:00 DEBUG 
====Stripe Version: 7.4.1====
====Start Log====
account
====End Log====


2023-07-04T18:48:52+00:00 DEBUG 
====Stripe Version: 7.4.1====
====Start Log====
account
====End Log====


2023-07-04T21:11:56+00:00 DEBUG 
====Stripe Version: 7.4.1====
====Start Log====
account
====End Log====


